Using pre-set license
Built from '2020.3/staging' branch; Version is '2020.3.8f1 (507919d4fff5) revision 5273881'; Using compiler version '192528614'; Build Type 'Release'
OS: 'Windows 10 Pro; OS build 19042.985; Version 2009; 64bit' Language: 'en' Physical Memory: 16196 MB
BatchMode: 1, IsHumanControllingUs: 0, StartBugReporterOnCrash: 0, Is64bit: 1, IsPro: 0

 COMMAND LINE ARGUMENTS:
C:\Program Files\Unity\Hub\Editor\2020.3.8f1\Editor\Unity.exe
-adb2
-batchMode
-noUpm
-name
AssetImportWorker0
-projectPath
C:/Users/harri/Documents/GitHub/BallTossGame
-logFile
Logs/AssetImportWorker0.log
-srvPort
58098
Successfully changed project path to: C:/Users/harri/Documents/GitHub/BallTossGame
C:/Users/harri/Documents/GitHub/BallTossGame
Using Asset Import Pipeline V2.
Refreshing native plugins compatible for Editor in 47.79 ms, found 0 plugins.
Preloading 0 native plugins for Editor in 0.00 ms.
Initialize engine version: 2020.3.8f1 (507919d4fff5)
[Subsystems] Discovering subsystems at path C:/Program Files/Unity/Hub/Editor/2020.3.8f1/Editor/Data/Resources/UnitySubsystems
[Subsystems] Discovering subsystems at path C:/Users/harri/Documents/GitHub/BallTossGame/Assets
GfxDevice: creating device client; threaded=0
Direct3D:
    Version:  Direct3D 11.0 [level 11.1]
    Renderer: NVIDIA GeForce RTX 2060 (ID=0x1f11)
    Vendor:   
    VRAM:     5980 MB
    Driver:   27.21.14.6647
Initialize mono
Mono path[0] = 'C:/Program Files/Unity/Hub/Editor/2020.3.8f1/Editor/Data/Managed'
Mono path[1] = 'C:/Program Files/Unity/Hub/Editor/2020.3.8f1/Editor/Data/MonoBleedingEdge/lib/mono/unityjit'
Mono config path = 'C:/Program Files/Unity/Hub/Editor/2020.3.8f1/Editor/Data/MonoBleedingEdge/etc'
Using monoOptions --debugger-agent=transport=dt_socket,embedding=1,server=y,suspend=n,address=127.0.0.1:56740
Begin MonoManager ReloadAssembly
Registering precompiled unity dll's ...
Register platform support module: C:/Program Files/Unity/Hub/Editor/2020.3.8f1/Editor/Data/PlaybackEngines/WindowsStandaloneSupport/UnityEditor.WindowsStandalone.Extensions.dll
Registered in 0.002425 seconds.
Native extension for WindowsStandalone target not found
Refreshing native plugins compatible for Editor in 37.08 ms, found 0 plugins.
Preloading 0 native plugins for Editor in 0.00 ms.
Mono: successfully reloaded assembly
- Completed reload, in  2.035 seconds
Platform modules already initialized, skipping
Registering precompiled user dll's ...
Registered in 0.002141 seconds.
Begin MonoManager ReloadAssembly
Native extension for WindowsStandalone target not found
Refreshing native plugins compatible for Editor in 0.50 ms, found 0 plugins.
Preloading 0 native plugins for Editor in 0.00 ms.
Mono: successfully reloaded assembly
- Completed reload, in  0.908 seconds
Platform modules already initialized, skipping
========================================================================
Worker process is ready to serve import requests
Launched and connected shader compiler UnityShaderCompiler.exe after 0.04 seconds
Refreshing native plugins compatible for Editor in 0.77 ms, found 0 plugins.
Preloading 0 native plugins for Editor in 0.00 ms.
Unloading 1679 Unused Serialized files (Serialized files now loaded: 0)
System memory in use before: 71.5 MB.
System memory in use after: 71.6 MB.

Unloading 49 unused Assets to reduce memory usage. Loaded Objects now: 2093.
Total: 5.682200 ms (FindLiveObjects: 0.155100 ms CreateObjectMapping: 0.058600 ms MarkObjects: 5.382600 ms  DeleteObjects: 0.084200 ms)

========================================================================
Received Import Request.
  path: Assets/Resources
  artifactKey: Guid(d0262f09c130c604389ec7cd04001f3d) Importer(815301076,1909f56bfc062723c751e8b465ee728b)
Start importing Assets/Resources using Guid(d0262f09c130c604389ec7cd04001f3d) Importer(815301076,1909f56bfc062723c751e8b465ee728b)  -> (artifact id: 'bd4aaaa058d14f301c50f388b8781264') in 0.009381 seconds
  Import took 0.012183 seconds .

========================================================================
Received Import Request.
  Time since last request: 0.000209 seconds.
  path: Assets/Scripts
  artifactKey: Guid(54a6db5737f6768458882eea239e4036) Importer(815301076,1909f56bfc062723c751e8b465ee728b)
Start importing Assets/Scripts using Guid(54a6db5737f6768458882eea239e4036) Importer(815301076,1909f56bfc062723c751e8b465ee728b)  -> (artifact id: '54cd85be36b6beed72d092677c8d30b4') in 0.007295 seconds
  Import took 0.010243 seconds .

========================================================================
Received Import Request.
  Time since last request: 2.213087 seconds.
  path: Assets/Materials/Ball.mat
  artifactKey: Guid(faa837419d8f7674786de0cbfaf6c419) Importer(815301076,1909f56bfc062723c751e8b465ee728b)
Start importing Assets/Materials/Ball.mat using Guid(faa837419d8f7674786de0cbfaf6c419) Importer(815301076,1909f56bfc062723c751e8b465ee728b)  -> (artifact id: '8de2b39bbdb51daf79be82acd4dd6369') in 0.317416 seconds
  Import took 0.319839 seconds .

========================================================================
Received Import Request.
  Time since last request: 0.000155 seconds.
  path: Assets/Materials/Ground.mat
  artifactKey: Guid(a61096ca6e97bfd4a8306786a7897c2a) Importer(815301076,1909f56bfc062723c751e8b465ee728b)
Start importing Assets/Materials/Ground.mat using Guid(a61096ca6e97bfd4a8306786a7897c2a) Importer(815301076,1909f56bfc062723c751e8b465ee728b)  -> (artifact id: '44df5cf0731433511b1df5ad1c754d33') in 0.013388 seconds
  Import took 0.015698 seconds .

========================================================================
Received Import Request.
  Time since last request: 0.000162 seconds.
  path: Assets/Materials/BouncyBall.physicMaterial
  artifactKey: Guid(e5d80785f3d42554db22c068be46b552) Importer(815301076,1909f56bfc062723c751e8b465ee728b)
Start importing Assets/Materials/BouncyBall.physicMaterial using Guid(e5d80785f3d42554db22c068be46b552) Importer(815301076,1909f56bfc062723c751e8b465ee728b)  -> (artifact id: '6ad2566e559f851243b3bca9b984734a') in 0.011144 seconds
  Import took 0.013809 seconds .

========================================================================
Received Import Request.
  Time since last request: 0.000311 seconds.
  path: Assets/Materials/Machine.mat
  artifactKey: Guid(8bc46d8b25d485a43be739f73081ef94) Importer(815301076,1909f56bfc062723c751e8b465ee728b)
Start importing Assets/Materials/Machine.mat using Guid(8bc46d8b25d485a43be739f73081ef94) Importer(815301076,1909f56bfc062723c751e8b465ee728b)  -> (artifact id: '0bf8101f9db868c7a99471f60d87ea10') in 0.010684 seconds
  Import took 0.013255 seconds .

========================================================================
Received Import Request.
  Time since last request: 0.000160 seconds.
  path: Assets/Materials/Ring.mat
  artifactKey: Guid(6793850dc16b95e4ea8c91e377bea686) Importer(815301076,1909f56bfc062723c751e8b465ee728b)
Start importing Assets/Materials/Ring.mat using Guid(6793850dc16b95e4ea8c91e377bea686) Importer(815301076,1909f56bfc062723c751e8b465ee728b)  -> (artifact id: '2573bb8e5bee71f65a52197a750d4db6') in 0.010534 seconds
  Import took 0.012935 seconds .

========================================================================
Received Import Request.
  Time since last request: 3.176167 seconds.
  path: Assets/Scenes/ArcadeHoops 1.unity
  artifactKey: Guid(73e9f7598ecdd23409c5dc7cec2618ba) Importer(815301076,1909f56bfc062723c751e8b465ee728b)
Start importing Assets/Scenes/ArcadeHoops 1.unity using Guid(73e9f7598ecdd23409c5dc7cec2618ba) Importer(815301076,1909f56bfc062723c751e8b465ee728b)  -> (artifact id: '4c15427565601abb23a9976982f0b9b6') in 0.008214 seconds
  Import took 0.010963 seconds .

========================================================================
Received Import Request.
  Time since last request: 1.660133 seconds.
  path: Assets/Scenes/ArcadeHoops 2.unity
  artifactKey: Guid(9a24079a3dd748f488c4dd6d8bfadef6) Importer(815301076,1909f56bfc062723c751e8b465ee728b)
Start importing Assets/Scenes/ArcadeHoops 2.unity using Guid(9a24079a3dd748f488c4dd6d8bfadef6) Importer(815301076,1909f56bfc062723c751e8b465ee728b)  -> (artifact id: '1b04e48235d0c3c164739e31ec6391d3') in 0.006655 seconds
  Import took 0.009612 seconds .

========================================================================
Received Import Request.
  Time since last request: 0.626688 seconds.
  path: Assets/Scenes/ArcadeHoops.unity
  artifactKey: Guid(dd41cb0709827b84c9d681280de448c9) Importer(815301076,1909f56bfc062723c751e8b465ee728b)
Start importing Assets/Scenes/ArcadeHoops.unity using Guid(dd41cb0709827b84c9d681280de448c9) Importer(815301076,1909f56bfc062723c751e8b465ee728b)  -> (artifact id: 'ed7e9cc9c401a516bbf08febd1f5e075') in 0.006511 seconds
  Import took 0.008920 seconds .

========================================================================
Received Import Request.
  Time since last request: 0.550450 seconds.
  path: Assets/Scenes/BallThrowStaging.unity
  artifactKey: Guid(73cd4ca460d7a254d9ac46ce169ac3a8) Importer(815301076,1909f56bfc062723c751e8b465ee728b)
Start importing Assets/Scenes/BallThrowStaging.unity using Guid(73cd4ca460d7a254d9ac46ce169ac3a8) Importer(815301076,1909f56bfc062723c751e8b465ee728b)  -> (artifact id: '66ffca5c578e3e86a865ba4d3c6856d4') in 0.008937 seconds
  Import took 0.012470 seconds .

========================================================================
Received Prepare
Registering precompiled user dll's ...
Registered in 0.001918 seconds.
Begin MonoManager ReloadAssembly
Native extension for WindowsStandalone target not found
Refreshing native plugins compatible for Editor in 0.53 ms, found 0 plugins.
Preloading 0 native plugins for Editor in 0.00 ms.
Mono: successfully reloaded assembly
- Completed reload, in  0.859 seconds
Platform modules already initialized, skipping
Refreshing native plugins compatible for Editor in 0.58 ms, found 0 plugins.
Preloading 0 native plugins for Editor in 0.00 ms.
Unloading 1673 Unused Serialized files (Serialized files now loaded: 0)
System memory in use before: 74.8 MB.
System memory in use after: 74.9 MB.

Unloading 40 unused Assets to reduce memory usage. Loaded Objects now: 2136.
Total: 4.810600 ms (FindLiveObjects: 0.146400 ms CreateObjectMapping: 0.052600 ms MarkObjects: 4.588900 ms  DeleteObjects: 0.021700 ms)

========================================================================
Received Prepare
Registering precompiled user dll's ...
Registered in 0.002291 seconds.
Begin MonoManager ReloadAssembly
Native extension for WindowsStandalone target not found
Refreshing native plugins compatible for Editor in 0.69 ms, found 0 plugins.
Preloading 0 native plugins for Editor in 0.00 ms.
Mono: successfully reloaded assembly
- Completed reload, in  0.833 seconds
Platform modules already initialized, skipping
Refreshing native plugins compatible for Editor in 0.55 ms, found 0 plugins.
Preloading 0 native plugins for Editor in 0.00 ms.
Unloading 1673 Unused Serialized files (Serialized files now loaded: 0)
System memory in use before: 74.8 MB.
System memory in use after: 74.9 MB.

Unloading 40 unused Assets to reduce memory usage. Loaded Objects now: 2139.
Total: 4.920800 ms (FindLiveObjects: 0.140200 ms CreateObjectMapping: 0.052300 ms MarkObjects: 4.705400 ms  DeleteObjects: 0.021800 ms)

========================================================================
Received Import Request.
  Time since last request: 365.249414 seconds.
  path: Assets/Scenes/BallThrowStaging.unity
  artifactKey: Guid(73cd4ca460d7a254d9ac46ce169ac3a8) Importer(815301076,1909f56bfc062723c751e8b465ee728b)
Start importing Assets/Scenes/BallThrowStaging.unity using Guid(73cd4ca460d7a254d9ac46ce169ac3a8) Importer(815301076,1909f56bfc062723c751e8b465ee728b)  -> (artifact id: '4f9530c71f5d5105b0b7e2ff0b0815e5') in 0.011670 seconds
  Import took 0.014083 seconds .

========================================================================
Received Import Request.
  Time since last request: 5.207718 seconds.
  path: Assets/Scripts/Ball.cs
  artifactKey: Guid(e2b9cc6bc6f50cc4682616c6820a303d) Importer(815301076,1909f56bfc062723c751e8b465ee728b)
Start importing Assets/Scripts/Ball.cs using Guid(e2b9cc6bc6f50cc4682616c6820a303d) Importer(815301076,1909f56bfc062723c751e8b465ee728b)  -> (artifact id: '439dea6f450b3ed093a3f003d1ec3590') in 0.007626 seconds
  Import took 0.009948 seconds .

========================================================================
Received Import Request.
  Time since last request: 0.024761 seconds.
  path: Assets/Scripts/Ball.cs
  artifactKey: Guid(e2b9cc6bc6f50cc4682616c6820a303d) Importer(815301076,1909f56bfc062723c751e8b465ee728b)
Start importing Assets/Scripts/Ball.cs using Guid(e2b9cc6bc6f50cc4682616c6820a303d) Importer(815301076,1909f56bfc062723c751e8b465ee728b)  -> (artifact id: '439dea6f450b3ed093a3f003d1ec3590') in 0.002332 seconds
  Import took 0.005215 seconds .

========================================================================
Received Import Request.
  Time since last request: 4.376367 seconds.
  path: Assets/Scripts/BallRecycle.cs
  artifactKey: Guid(f7dc45a4ac0136c4c901194fb667077e) Importer(815301076,1909f56bfc062723c751e8b465ee728b)
Start importing Assets/Scripts/BallRecycle.cs using Guid(f7dc45a4ac0136c4c901194fb667077e) Importer(815301076,1909f56bfc062723c751e8b465ee728b)  -> (artifact id: '6bfdb499987b6a9e71c990f433145483') in 0.006215 seconds
  Import took 0.008899 seconds .

========================================================================
Received Import Request.
  Time since last request: 0.001959 seconds.
  path: Assets/Scripts/BallRecycle.cs
  artifactKey: Guid(f7dc45a4ac0136c4c901194fb667077e) Importer(815301076,1909f56bfc062723c751e8b465ee728b)
Start importing Assets/Scripts/BallRecycle.cs using Guid(f7dc45a4ac0136c4c901194fb667077e) Importer(815301076,1909f56bfc062723c751e8b465ee728b)  -> (artifact id: '6bfdb499987b6a9e71c990f433145483') in 0.001958 seconds
  Import took 0.004518 seconds .

========================================================================
Received Import Request.
  Time since last request: 0.678284 seconds.
  path: Assets/Scripts/CustomExtensions.cs
  artifactKey: Guid(fe9e9990252a5b34da11da8dc4e166b4) Importer(815301076,1909f56bfc062723c751e8b465ee728b)
Start importing Assets/Scripts/CustomExtensions.cs using Guid(fe9e9990252a5b34da11da8dc4e166b4) Importer(815301076,1909f56bfc062723c751e8b465ee728b)  -> (artifact id: 'cde37a4a0f17539d7c7baeb06094269d') in 0.005949 seconds
  Import took 0.008360 seconds .

========================================================================
Received Import Request.
  Time since last request: 1.294114 seconds.
  path: Assets/Scripts/FlickInput.cs
  artifactKey: Guid(da18a0e06fa3dab4083acdcc1dca92e3) Importer(815301076,1909f56bfc062723c751e8b465ee728b)
Start importing Assets/Scripts/FlickInput.cs using Guid(da18a0e06fa3dab4083acdcc1dca92e3) Importer(815301076,1909f56bfc062723c751e8b465ee728b)  -> (artifact id: '085795a2cbaab56492a5f15614cdf72f') in 0.007465 seconds
  Import took 0.010451 seconds .

========================================================================
Received Import Request.
  Time since last request: 0.001223 seconds.
  path: Assets/Scripts/FlickInput.cs
  artifactKey: Guid(da18a0e06fa3dab4083acdcc1dca92e3) Importer(815301076,1909f56bfc062723c751e8b465ee728b)
Start importing Assets/Scripts/FlickInput.cs using Guid(da18a0e06fa3dab4083acdcc1dca92e3) Importer(815301076,1909f56bfc062723c751e8b465ee728b)  -> (artifact id: '085795a2cbaab56492a5f15614cdf72f') in 0.002805 seconds
  Import took 0.005845 seconds .

========================================================================
Received Import Request.
  Time since last request: 2.071006 seconds.
  path: Assets/Scripts/GameManager.cs
  artifactKey: Guid(5a8c4844cee27a5438a319f58d319944) Importer(815301076,1909f56bfc062723c751e8b465ee728b)
Start importing Assets/Scripts/GameManager.cs using Guid(5a8c4844cee27a5438a319f58d319944) Importer(815301076,1909f56bfc062723c751e8b465ee728b)  -> (artifact id: '09cf458cb7c7636048a80579550a6f0c') in 0.008946 seconds
  Import took 0.011424 seconds .

========================================================================
Received Import Request.
  Time since last request: 2.913279 seconds.
  path: Assets/Scripts/GoalControl.cs
  artifactKey: Guid(1eb8736b73e45a447858069323bfb20e) Importer(815301076,1909f56bfc062723c751e8b465ee728b)
Start importing Assets/Scripts/GoalControl.cs using Guid(1eb8736b73e45a447858069323bfb20e) Importer(815301076,1909f56bfc062723c751e8b465ee728b)  -> (artifact id: '039bb16b9f0c1b175eb31bcc50438afe') in 0.008169 seconds
  Import took 0.012010 seconds .

========================================================================
Received Import Request.
  Time since last request: 0.000251 seconds.
  path: Assets/Scripts/GoalControl.cs
  artifactKey: Guid(1eb8736b73e45a447858069323bfb20e) Importer(815301076,1909f56bfc062723c751e8b465ee728b)
Start importing Assets/Scripts/GoalControl.cs using Guid(1eb8736b73e45a447858069323bfb20e) Importer(815301076,1909f56bfc062723c751e8b465ee728b)  -> (artifact id: '039bb16b9f0c1b175eb31bcc50438afe') in 0.002346 seconds
  Import took 0.005294 seconds .

========================================================================
Received Import Request.
  Time since last request: 1.099937 seconds.
  path: Assets/Scripts/MouseFlickInput.cs
  artifactKey: Guid(03914ab855b20334cb80452f2d6b57f6) Importer(815301076,1909f56bfc062723c751e8b465ee728b)
Start importing Assets/Scripts/MouseFlickInput.cs using Guid(03914ab855b20334cb80452f2d6b57f6) Importer(815301076,1909f56bfc062723c751e8b465ee728b)  -> (artifact id: '297a31f93a6f75abb72f02d51730cd98') in 0.006223 seconds
  Import took 0.008989 seconds .

========================================================================
Received Import Request.
  Time since last request: 0.001754 seconds.
  path: Assets/Scripts/MouseFlickInput.cs
  artifactKey: Guid(03914ab855b20334cb80452f2d6b57f6) Importer(815301076,1909f56bfc062723c751e8b465ee728b)
Start importing Assets/Scripts/MouseFlickInput.cs using Guid(03914ab855b20334cb80452f2d6b57f6) Importer(815301076,1909f56bfc062723c751e8b465ee728b)  -> (artifact id: '297a31f93a6f75abb72f02d51730cd98') in 0.001896 seconds
  Import took 0.004117 seconds .

========================================================================
Received Import Request.
  Time since last request: 1.430764 seconds.
  path: Assets/Scripts/UIControl.cs
  artifactKey: Guid(2521fba484a1c1545ba6b0fc0905106f) Importer(815301076,1909f56bfc062723c751e8b465ee728b)
Start importing Assets/Scripts/UIControl.cs using Guid(2521fba484a1c1545ba6b0fc0905106f) Importer(815301076,1909f56bfc062723c751e8b465ee728b)  -> (artifact id: 'ab8b45d8175978f1b1bd0cb4aabf96bd') in 0.006864 seconds
  Import took 0.009624 seconds .

========================================================================
Received Import Request.
  Time since last request: 0.001459 seconds.
  path: Assets/Scripts/UIControl.cs
  artifactKey: Guid(2521fba484a1c1545ba6b0fc0905106f) Importer(815301076,1909f56bfc062723c751e8b465ee728b)
Start importing Assets/Scripts/UIControl.cs using Guid(2521fba484a1c1545ba6b0fc0905106f) Importer(815301076,1909f56bfc062723c751e8b465ee728b)  -> (artifact id: 'ab8b45d8175978f1b1bd0cb4aabf96bd') in 0.001866 seconds
  Import took 0.004292 seconds .

========================================================================
Received Import Request.
  Time since last request: 0.980393 seconds.
  path: Assets/Scripts/Wind.cs
  artifactKey: Guid(27c8b0932ef2a7940adc2f5983f7e63f) Importer(815301076,1909f56bfc062723c751e8b465ee728b)
Start importing Assets/Scripts/Wind.cs using Guid(27c8b0932ef2a7940adc2f5983f7e63f) Importer(815301076,1909f56bfc062723c751e8b465ee728b)  -> (artifact id: 'f6f5733e634123f41ac1b99b7d8c8fd5') in 0.006404 seconds
  Import took 0.009034 seconds .

========================================================================
Received Import Request.
  Time since last request: 0.000280 seconds.
  path: Assets/Scripts/Wind.cs
  artifactKey: Guid(27c8b0932ef2a7940adc2f5983f7e63f) Importer(815301076,1909f56bfc062723c751e8b465ee728b)
Start importing Assets/Scripts/Wind.cs using Guid(27c8b0932ef2a7940adc2f5983f7e63f) Importer(815301076,1909f56bfc062723c751e8b465ee728b)  -> (artifact id: 'f6f5733e634123f41ac1b99b7d8c8fd5') in 0.002089 seconds
  Import took 0.004380 seconds .

========================================================================
Received Import Request.
  Time since last request: 4.225162 seconds.
  path: Assets/Resources/BillingMode.json
  artifactKey: Guid(a8a477a4541912e43b2d9ea255787f23) Importer(815301076,1909f56bfc062723c751e8b465ee728b)
Start importing Assets/Resources/BillingMode.json using Guid(a8a477a4541912e43b2d9ea255787f23) Importer(815301076,1909f56bfc062723c751e8b465ee728b)  -> (artifact id: 'e6da75e765c860fec24d8f5c31a5c997') in 0.010857 seconds
  Import took 0.014079 seconds .

========================================================================
Received Import Request.
  Time since last request: 6.272413 seconds.
  path: Assets/Models
  artifactKey: Guid(1b15929f9dfe17e4da7cd759dd60f52f) Importer(815301076,1909f56bfc062723c751e8b465ee728b)
Start importing Assets/Models using Guid(1b15929f9dfe17e4da7cd759dd60f52f) Importer(815301076,1909f56bfc062723c751e8b465ee728b)  -> (artifact id: 'cea8c70f7b05be5bb82f81fadd352d0c') in 0.006863 seconds
  Import took 0.009247 seconds .

========================================================================
Received Import Request.
  Time since last request: 0.409249 seconds.
  path: Assets/Materials
  artifactKey: Guid(7084c06d683bfd746bfd41fd56360d0d) Importer(815301076,1909f56bfc062723c751e8b465ee728b)
Start importing Assets/Materials using Guid(7084c06d683bfd746bfd41fd56360d0d) Importer(815301076,1909f56bfc062723c751e8b465ee728b)  -> (artifact id: '2748a3b9382b4032a2f5d61e0e14dac2') in 0.006436 seconds
  Import took 0.009087 seconds .

========================================================================
Received Prepare
Registering precompiled user dll's ...
Registered in 0.002177 seconds.
Begin MonoManager ReloadAssembly
Native extension for WindowsStandalone target not found
Refreshing native plugins compatible for Editor in 1.32 ms, found 0 plugins.
Preloading 0 native plugins for Editor in 0.00 ms.
Mono: successfully reloaded assembly
- Completed reload, in  2.358 seconds
Platform modules already initialized, skipping
Refreshing native plugins compatible for Editor in 1.13 ms, found 0 plugins.
Preloading 0 native plugins for Editor in 0.00 ms.
Unloading 1673 Unused Serialized files (Serialized files now loaded: 0)
System memory in use before: 74.8 MB.
System memory in use after: 74.9 MB.

Unloading 40 unused Assets to reduce memory usage. Loaded Objects now: 2142.
Total: 9.938800 ms (FindLiveObjects: 0.405500 ms CreateObjectMapping: 0.150400 ms MarkObjects: 9.329500 ms  DeleteObjects: 0.050700 ms)

========================================================================
Received Import Request.
  Time since last request: 43.317830 seconds.
  path: Assets/Scenes
  artifactKey: Guid(f1591e3b395665a429290826750469fb) Importer(815301076,1909f56bfc062723c751e8b465ee728b)
Start importing Assets/Scenes using Guid(f1591e3b395665a429290826750469fb) Importer(815301076,1909f56bfc062723c751e8b465ee728b)  -> (artifact id: 'b15fc93ef67224661bced839882146cf') in 0.017864 seconds
  Import took 0.031147 seconds .

AssetImportWorkerClient::OnTransportError - code=2 error=End of file
